[0m09:26:07.319101 [debug] [MainThread]: Sending event: {'category': 'dbt', 'action': 'invocation', 'label': 'start', 'context': [<snowplow_tracker.self_describing_json.SelfDescribingJson object at 0x000001D116166750>, <snowplow_tracker.self_describing_json.SelfDescribingJson object at 0x000001D116420690>, <snowplow_tracker.self_describing_json.SelfDescribingJson object at 0x000001D116422590>]}


============================== 09:26:07.330378 | 919339df-ee9a-47c7-ac5e-b80938615d7d ==============================
[0m09:26:07.330378 [info ] [MainThread]: Running with dbt=1.11.2
[0m09:26:07.333073 [debug] [MainThread]: running dbt with arguments {'version_check': 'True', 'no_print': 'None', 'static_parser': 'True', 'target_path': 'None', 'warn_error_options': 'WarnErrorOptionsV2(error=[], warn=[], silence=[])', 'printer_width': '80', 'write_json': 'True', 'empty': 'None', 'log_cache_events': 'False', 'introspect': 'True', 'cache_selected_only': 'False', 'log_format': 'default', 'debug': 'False', 'fail_fast': 'False', 'profiles_dir': 'D:\\10Academy\\week_8\\medical-telegram-warehouse-\\medical_warehouse', 'send_anonymous_usage_stats': 'True', 'quiet': 'False', 'warn_error': 'None', 'partial_parse': 'True', 'invocation_command': 'dbt debug', 'use_colors': 'True', 'indirect_selection': 'eager', 'use_experimental_parser': 'False', 'log_path': 'D:\\10Academy\\week_8\\medical-telegram-warehouse-\\medical_warehouse\\logs'}
[0m09:26:07.376051 [info ] [MainThread]: dbt version: 1.11.2
[0m09:26:07.376051 [info ] [MainThread]: python version: 3.11.14
[0m09:26:07.378657 [info ] [MainThread]: python path: C:\Users\hp\miniconda3\envs\jupyter_env\python.exe
[0m09:26:07.381364 [info ] [MainThread]: os info: Windows-10-10.0.22631-SP0
[0m09:26:07.479082 [info ] [MainThread]: Using profiles dir at D:\10Academy\week_8\medical-telegram-warehouse-\medical_warehouse
[0m09:26:07.479082 [info ] [MainThread]: Using profiles.yml file at D:\10Academy\week_8\medical-telegram-warehouse-\medical_warehouse\profiles.yml
[0m09:26:07.479082 [info ] [MainThread]: Using dbt_project.yml file at D:\10Academy\week_8\medical-telegram-warehouse-\medical_warehouse\dbt_project.yml
[0m09:26:07.487281 [info ] [MainThread]: adapter type: postgres
[0m09:26:07.488798 [info ] [MainThread]: adapter version: 1.10.0
[0m09:26:07.629978 [info ] [MainThread]: Configuration:
[0m09:26:07.629978 [info ] [MainThread]:   profiles.yml file [[32mOK found and valid[0m]
[0m09:26:07.629978 [info ] [MainThread]:   dbt_project.yml file [[32mOK found and valid[0m]
[0m09:26:07.629978 [info ] [MainThread]: Required dependencies:
[0m09:26:07.629978 [debug] [MainThread]: Executing "git --help"
[0m09:26:07.685291 [debug] [MainThread]: STDOUT: "b"usage: git [-v | --version] [-h | --help] [-C <path>] [-c <name>=<value>]\n           [--exec-path[=<path>]] [--html-path] [--man-path] [--info-path]\n           [-p | --paginate | -P | --no-pager] [--no-replace-objects] [--bare]\n           [--git-dir=<path>] [--work-tree=<path>] [--namespace=<name>]\n           [--super-prefix=<path>] [--config-env=<name>=<envvar>]\n           <command> [<args>]\n\nThese are common Git commands used in various situations:\n\nstart a working area (see also: git help tutorial)\n   clone     Clone a repository into a new directory\n   init      Create an empty Git repository or reinitialize an existing one\n\nwork on the current change (see also: git help everyday)\n   add       Add file contents to the index\n   mv        Move or rename a file, a directory, or a symlink\n   restore   Restore working tree files\n   rm        Remove files from the working tree and from the index\n\nexamine the history and state (see also: git help revisions)\n   bisect    Use binary search to find the commit that introduced a bug\n   diff      Show changes between commits, commit and working tree, etc\n   grep      Print lines matching a pattern\n   log       Show commit logs\n   show      Show various types of objects\n   status    Show the working tree status\n\ngrow, mark and tweak your common history\n   branch    List, create, or delete branches\n   commit    Record changes to the repository\n   merge     Join two or more development histories together\n   rebase    Reapply commits on top of another base tip\n   reset     Reset current HEAD to the specified state\n   switch    Switch branches\n   tag       Create, list, delete or verify a tag object signed with GPG\n\ncollaborate (see also: git help workflows)\n   fetch     Download objects and refs from another repository\n   pull      Fetch from and integrate with another repository or a local branch\n   push      Update remote refs along with associated objects\n\n'git help -a' and 'git help -g' list available subcommands and some\nconcept guides. See 'git help <command>' or 'git help <concept>'\nto read about a specific subcommand or concept.\nSee 'git help git' for an overview of the system.\n""
[0m09:26:07.686304 [debug] [MainThread]: STDERR: "b''"
[0m09:26:07.686304 [info ] [MainThread]:  - git [[32mOK found[0m]

[0m09:26:07.687777 [info ] [MainThread]: Connection:
[0m09:26:07.688815 [info ] [MainThread]:   host: localhost
[0m09:26:07.689821 [info ] [MainThread]:   port: 5432
[0m09:26:07.690811 [info ] [MainThread]:   user: your_db_user
[0m09:26:07.690811 [info ] [MainThread]:   database: medical_db
[0m09:26:07.691817 [info ] [MainThread]:   schema: public
[0m09:26:07.692810 [info ] [MainThread]:   connect_timeout: 10
[0m09:26:07.693950 [info ] [MainThread]:   role: None
[0m09:26:07.694960 [info ] [MainThread]:   search_path: None
[0m09:26:07.694960 [info ] [MainThread]:   keepalives_idle: 0
[0m09:26:07.696483 [info ] [MainThread]:   sslmode: None
[0m09:26:07.697490 [info ] [MainThread]:   sslcert: None
[0m09:26:07.698667 [info ] [MainThread]:   sslkey: None
[0m09:26:07.699711 [info ] [MainThread]:   sslrootcert: None
[0m09:26:07.700724 [info ] [MainThread]:   application_name: dbt
[0m09:26:07.701760 [info ] [MainThread]:   retries: 1
[0m09:26:07.703888 [info ] [MainThread]: Registered adapter: postgres=1.10.0
[0m09:26:07.996622 [debug] [MainThread]: Acquiring new postgres connection 'debug'
[0m09:26:08.421128 [debug] [MainThread]: Using postgres connection "debug"
[0m09:26:08.422136 [debug] [MainThread]: On debug: select 1 as id
[0m09:26:08.423204 [debug] [MainThread]: Opening a new connection, currently in state init
[0m09:26:08.469897 [debug] [MainThread]: Postgres adapter: Got a retryable error when attempting to open a postgres connection.
1 attempts remaining. Retrying in 0 seconds.
Error:
connection to server at "localhost" (::1), port 5432 failed: FATAL:  password authentication failed for user "your_db_user"

[0m09:26:08.513613 [debug] [MainThread]: Postgres adapter: Error running SQL: select 1 as id
[0m09:26:08.513613 [debug] [MainThread]: Postgres adapter: Rolling back transaction.
[0m09:26:08.513613 [debug] [MainThread]: On debug: No close available on handle
[0m09:26:08.513613 [info ] [MainThread]:   Connection test: [[31mERROR[0m]

[0m09:26:08.513613 [info ] [MainThread]: [31m1 check failed:[0m
[0m09:26:08.513613 [info ] [MainThread]: dbt was unable to connect to the specified database.
The database returned the following error:

  >Database Error
  connection to server at "localhost" (::1), port 5432 failed: FATAL:  password authentication failed for user "your_db_user"
  

Check your database credentials and try again. For more information, visit:
https://docs.getdbt.com/docs/configure-your-profile


[0m09:26:08.513613 [debug] [MainThread]: Command `dbt debug` failed at 09:26:08.513613 after 1.34 seconds
[0m09:26:08.513613 [debug] [MainThread]: Connection 'debug' was properly closed.
[0m09:26:08.513613 [debug] [MainThread]: Sending event: {'category': 'dbt', 'action': 'invocation', 'label': 'end', 'context': [<snowplow_tracker.self_describing_json.SelfDescribingJson object at 0x000001D10F5B2710>, <snowplow_tracker.self_describing_json.SelfDescribingJson object at 0x000001D10F5B24D0>, <snowplow_tracker.self_describing_json.SelfDescribingJson object at 0x000001D1175CAA10>]}
[0m09:26:08.513613 [debug] [MainThread]: Flushing usage events
[0m09:26:09.398942 [debug] [MainThread]: An error was encountered while trying to flush usage events
[0m09:26:50.722677 [debug] [MainThread]: Sending event: {'category': 'dbt', 'action': 'invocation', 'label': 'start', 'context': [<snowplow_tracker.self_describing_json.SelfDescribingJson object at 0x0000011DA405CED0>, <snowplow_tracker.self_describing_json.SelfDescribingJson object at 0x0000011DA3DE6910>, <snowplow_tracker.self_describing_json.SelfDescribingJson object at 0x0000011DA405CBD0>]}


============================== 09:26:50.729038 | afb608b0-c7dc-472b-91cd-950242164802 ==============================
[0m09:26:50.729038 [info ] [MainThread]: Running with dbt=1.11.2
[0m09:26:50.730028 [debug] [MainThread]: running dbt with arguments {'version_check': 'True', 'no_print': 'None', 'static_parser': 'True', 'target_path': 'None', 'warn_error_options': 'WarnErrorOptionsV2(error=[], warn=[], silence=[])', 'printer_width': '80', 'write_json': 'True', 'empty': 'None', 'log_cache_events': 'False', 'introspect': 'True', 'cache_selected_only': 'False', 'log_format': 'default', 'debug': 'False', 'fail_fast': 'False', 'partial_parse': 'True', 'send_anonymous_usage_stats': 'True', 'quiet': 'False', 'warn_error': 'None', 'profiles_dir': 'D:\\10Academy\\week_8\\medical-telegram-warehouse-\\medical_warehouse', 'invocation_command': 'dbt debug', 'indirect_selection': 'eager', 'use_colors': 'True', 'use_experimental_parser': 'False', 'log_path': 'D:\\10Academy\\week_8\\medical-telegram-warehouse-\\medical_warehouse\\logs'}
[0m09:26:50.762798 [info ] [MainThread]: dbt version: 1.11.2
[0m09:26:50.763795 [info ] [MainThread]: python version: 3.11.14
[0m09:26:50.764593 [info ] [MainThread]: python path: C:\Users\hp\miniconda3\envs\jupyter_env\python.exe
[0m09:26:50.766627 [info ] [MainThread]: os info: Windows-10-10.0.22631-SP0
[0m09:26:50.844792 [info ] [MainThread]: Using profiles dir at D:\10Academy\week_8\medical-telegram-warehouse-\medical_warehouse
[0m09:26:50.844792 [info ] [MainThread]: Using profiles.yml file at D:\10Academy\week_8\medical-telegram-warehouse-\medical_warehouse\profiles.yml
[0m09:26:50.844792 [info ] [MainThread]: Using dbt_project.yml file at D:\10Academy\week_8\medical-telegram-warehouse-\medical_warehouse\dbt_project.yml
[0m09:26:50.844792 [info ] [MainThread]: adapter type: postgres
[0m09:26:50.857794 [info ] [MainThread]: adapter version: 1.10.0
[0m09:26:51.020528 [info ] [MainThread]: Configuration:
[0m09:26:51.022677 [info ] [MainThread]:   profiles.yml file [[32mOK found and valid[0m]
[0m09:26:51.023916 [info ] [MainThread]:   dbt_project.yml file [[32mOK found and valid[0m]
[0m09:26:51.024971 [info ] [MainThread]: Required dependencies:
[0m09:26:51.025978 [debug] [MainThread]: Executing "git --help"
[0m09:26:51.074733 [debug] [MainThread]: STDOUT: "b"usage: git [-v | --version] [-h | --help] [-C <path>] [-c <name>=<value>]\n           [--exec-path[=<path>]] [--html-path] [--man-path] [--info-path]\n           [-p | --paginate | -P | --no-pager] [--no-replace-objects] [--bare]\n           [--git-dir=<path>] [--work-tree=<path>] [--namespace=<name>]\n           [--super-prefix=<path>] [--config-env=<name>=<envvar>]\n           <command> [<args>]\n\nThese are common Git commands used in various situations:\n\nstart a working area (see also: git help tutorial)\n   clone     Clone a repository into a new directory\n   init      Create an empty Git repository or reinitialize an existing one\n\nwork on the current change (see also: git help everyday)\n   add       Add file contents to the index\n   mv        Move or rename a file, a directory, or a symlink\n   restore   Restore working tree files\n   rm        Remove files from the working tree and from the index\n\nexamine the history and state (see also: git help revisions)\n   bisect    Use binary search to find the commit that introduced a bug\n   diff      Show changes between commits, commit and working tree, etc\n   grep      Print lines matching a pattern\n   log       Show commit logs\n   show      Show various types of objects\n   status    Show the working tree status\n\ngrow, mark and tweak your common history\n   branch    List, create, or delete branches\n   commit    Record changes to the repository\n   merge     Join two or more development histories together\n   rebase    Reapply commits on top of another base tip\n   reset     Reset current HEAD to the specified state\n   switch    Switch branches\n   tag       Create, list, delete or verify a tag object signed with GPG\n\ncollaborate (see also: git help workflows)\n   fetch     Download objects and refs from another repository\n   pull      Fetch from and integrate with another repository or a local branch\n   push      Update remote refs along with associated objects\n\n'git help -a' and 'git help -g' list available subcommands and some\nconcept guides. See 'git help <command>' or 'git help <concept>'\nto read about a specific subcommand or concept.\nSee 'git help git' for an overview of the system.\n""
[0m09:26:51.076386 [debug] [MainThread]: STDERR: "b''"
[0m09:26:51.077908 [info ] [MainThread]:  - git [[32mOK found[0m]

[0m09:26:51.079559 [info ] [MainThread]: Connection:
[0m09:26:51.080738 [info ] [MainThread]:   host: localhost
[0m09:26:51.081831 [info ] [MainThread]:   port: 5432
[0m09:26:51.082928 [info ] [MainThread]:   user: postgres
[0m09:26:51.083998 [info ] [MainThread]:   database: medical_db
[0m09:26:51.085090 [info ] [MainThread]:   schema: public
[0m09:26:51.085090 [info ] [MainThread]:   connect_timeout: 10
[0m09:26:51.086881 [info ] [MainThread]:   role: None
[0m09:26:51.087896 [info ] [MainThread]:   search_path: None
[0m09:26:51.089405 [info ] [MainThread]:   keepalives_idle: 0
[0m09:26:51.089405 [info ] [MainThread]:   sslmode: None
[0m09:26:51.090422 [info ] [MainThread]:   sslcert: None
[0m09:26:51.091245 [info ] [MainThread]:   sslkey: None
[0m09:26:51.093577 [info ] [MainThread]:   sslrootcert: None
[0m09:26:51.094634 [info ] [MainThread]:   application_name: dbt
[0m09:26:51.094634 [info ] [MainThread]:   retries: 1
[0m09:26:51.096808 [info ] [MainThread]: Registered adapter: postgres=1.10.0
[0m09:26:51.308809 [debug] [MainThread]: Acquiring new postgres connection 'debug'
[0m09:26:51.622420 [debug] [MainThread]: Using postgres connection "debug"
[0m09:26:51.623424 [debug] [MainThread]: On debug: select 1 as id
[0m09:26:51.623424 [debug] [MainThread]: Opening a new connection, currently in state init
[0m09:26:51.663464 [debug] [MainThread]: SQL status: SELECT 1 in 0.052 seconds
[0m09:26:51.676980 [debug] [MainThread]: On debug: Close
[0m09:26:51.676980 [info ] [MainThread]:   Connection test: [[32mOK connection ok[0m]

[0m09:26:51.679838 [info ] [MainThread]: [32mAll checks passed![0m
[0m09:26:51.683066 [debug] [MainThread]: Command `dbt debug` succeeded at 09:26:51.679838 after 1.08 seconds
[0m09:26:51.683595 [debug] [MainThread]: Connection 'debug' was properly closed.
[0m09:26:51.683595 [debug] [MainThread]: Sending event: {'category': 'dbt', 'action': 'invocation', 'label': 'end', 'context': [<snowplow_tracker.self_describing_json.SelfDescribingJson object at 0x0000011DA3DD6590>, <snowplow_tracker.self_describing_json.SelfDescribingJson object at 0x0000011D9D5C0750>, <snowplow_tracker.self_describing_json.SelfDescribingJson object at 0x0000011D9D5C0090>]}
[0m09:26:51.684751 [debug] [MainThread]: Flushing usage events
[0m09:26:52.505617 [debug] [MainThread]: An error was encountered while trying to flush usage events
